[2025-04-19 11:05:39.203 +0000] INFO (12440): Test Started - create a todo with invalid doneStatus
[2025-04-19 11:05:41.141 +0000] INFO (12440): Request: POST /todos
    request: {
      "method": "POST",
      "url": "https://apichallenges.eviltester.com/todos",
      "headers": {
        "X-CHALLENGER": "71124121-b844-4abc-b74b-a4f11b35313a"
      },
      "body": {
        "title": "train new staff",
        "doneStatus": "completed",
        "description": "Train new staff to do the job"
      }
    }
    response: {
      "statusCode": 400,
      "responseTime": 1937,
      "headers": {
        "report-to": "{\"group\":\"heroku-nel\",\"max_age\":3600,\"endpoints\":[{\"url\":\"https://nel.heroku.com/reports?ts=1745060740&sid=c46efe9b-d3d2-4a0c-8c76-bfafa16c5add&s=Y%2FboxnYLdkFBfznThhF8CI%2BJdmogiYmhCKCkVDaKZvo%3D\"}]}",
        "reporting-endpoints": "heroku-nel=https://nel.heroku.com/reports?ts=1745060740&sid=c46efe9b-d3d2-4a0c-8c76-bfafa16c5add&s=Y%2FboxnYLdkFBfznThhF8CI%2BJdmogiYmhCKCkVDaKZvo%3D",
        "nel": "{\"report_to\":\"heroku-nel\",\"max_age\":3600,\"success_fraction\":0.005,\"failure_fraction\":0.05,\"response_headers\":[\"Via\"]}",
        "connection": "close",
        "date": "Sat, 19 Apr 2025 11:05:40 GMT",
        "content-type": "application/json",
        "x-robots-tag": "noindex",
        "access-control-allow-origin": "*",
        "access-control-allow-credentials": "true",
        "access-control-allow-headers": "*",
        "x-challenger": "71124121-b844-4abc-b74b-a4f11b35313a",
        "access-control-allow-methods": "*",
        "access-control-expose-headers": "*",
        "server": "Jetty(9.4.z-SNAPSHOT)",
        "via": "1.1 vegur"
      },
      "body": {
        "errorMessages": [
          "Failed Validation: doneStatus should be BOOLEAN but was STRING"
        ]
      }
    }
